<?xml version="1.0" encoding="UTF-8" ?>
<testsuite errors="0" failures="0" hostname="AHMEDKAMAL" name="touringsystem.TravelerTest" skipped="0" tests="1" time="0.639" timestamp="2021-01-16T02:04:20">
  <properties>
[...]
</properties>
  <testcase classname="touringsystem.TravelerTest" name="testLogin" time="0.556" />
  <system-out><![CDATA[Welcome, Ahmed
]]></system-out>
  <system-err><![CDATA[Jan 16, 2021 4:04:20 AM com.mongodb.diagnostics.logging.JULLogger log
INFO: Cluster created with settings {hosts=[127.0.0.1:27017], mode=SINGLE, requiredClusterType=UNKNOWN, serverSelectionTimeout='30000 ms', maxWaitQueueSize=500}
Jan 16, 2021 4:04:20 AM com.mongodb.diagnostics.logging.JULLogger log
INFO: Cluster description not yet available. Waiting for 30000 ms before timing out
Jan 16, 2021 4:04:20 AM com.mongodb.diagnostics.logging.JULLogger log
INFO: Opened connection [connectionId{localValue:1, serverValue:376}] to 127.0.0.1:27017
Jan 16, 2021 4:04:20 AM com.mongodb.diagnostics.logging.JULLogger log
INFO: Monitor thread successfully connected to server with description ServerDescription{address=127.0.0.1:27017, type=STANDALONE, state=CONNECTED, ok=true, version=ServerVersion{versionList=[4, 4, 2]}, minWireVersion=0, maxWireVersion=9, maxDocumentSize=16777216, logicalSessionTimeoutMinutes=30, roundTripTimeNanos=2089200}
Jan 16, 2021 4:04:20 AM com.mongodb.diagnostics.logging.JULLogger log
INFO: Opened connection [connectionId{localValue:2, serverValue:377}] to 127.0.0.1:27017
]]></system-err>
</testsuite>
